Arguments: 
  C:\Program Files\nodejs\node.exe C:\Users\krato\AppData\Roaming\npm\node_modules\yarn\bin\yarn.js add supervisor

PATH: 
  D:\COURSES\LCO\LCO-MERN-BOOTCAMP\projbackend\node_modules\.bin;C:\Python39\Scripts\;C:\Python39\;C:\Program Files (x86)\NVIDIA Corporation\PhysX\Common;C:\windows\system32;C:\windows;C:\windows\System32\Wbem;C:\windows\System32\WindowsPowerShell\v1.0\;C:\windows\System32\OpenSSH\;C:\Program Files\Microsoft VS Code\bin;C:\lua;C:\Program Files\Microsoft SQL Server\Client SDK\ODBC\110\Tools\Binn\;C:\Program Files (x86)\Microsoft SQL Server\120\Tools\Binn\;C:\Program Files\Microsoft SQL Server\120\Tools\Binn\;C:\Program Files\Microsoft SQL Server\120\DTS\Binn\;C:\Program Files (x86)\Windows Kits\8.1\Windows Performance Toolkit\;C:\Program Files\Git\cmd;C:\ProgramData\chocolatey\bin;C:\Program Files\Polyspace\R2021a\runtime\win64;C:\Program Files\Polyspace\R2021a\bin;C:\Program Files\Polyspace\R2021a\polyspace\bin;C:\Program Files\nodejs\;C:\Users\krato\AppData\Local\Programs\Python\Python38\Scripts\;C:\Users\krato\AppData\Local\Programs\Python\Python38\;C:\Users\krato\AppData\Local\Microsoft\WindowsApps;C:\Program Files (x86)\mingw-w64\i686-8.1.0-posix-dwarf-rt_v6-rev0\mingw32\bin;C:\pypy3.7-v7.3.4-win64;C:\Program Files\Git\bin;C:\Users\krato\AppData\Roaming\npm;C:\Program Files\MongoDB\Server\5.0\bin;C:\Users\krato\AppData\Local\GitHubDesktop\bin;C:\ProgramData\Ritesh\GitHubDesktop\bin

Yarn version: 
  1.22.10

Node version: 
  16.5.0

Platform: 
  win32 x64

Trace: 
  SyntaxError: D:\COURSES\LCO\LCO-MERN-BOOTCAMP\projbackend\package.json: Unexpected token } in JSON at position 226
      at JSON.parse (<anonymous>)
      at C:\Users\krato\AppData\Roaming\npm\node_modules\yarn\lib\cli.js:1625:59
      at Generator.next (<anonymous>)
      at step (C:\Users\krato\AppData\Roaming\npm\node_modules\yarn\lib\cli.js:310:30)
      at C:\Users\krato\AppData\Roaming\npm\node_modules\yarn\lib\cli.js:321:13

npm manifest: 
  {
    "name": "projbackend",
      "version": "1.0.0",
      "description": "",
      "main": "app.js",
      "scripts": {
          "start": "nodemon app.js"
        },
        "keywords": [],
          "author": "",
          "license": "ISC",
  }

yarn manifest: 
  No manifest

Lockfile: 
  No lockfile
